********************************************************************************
DUPLICATOR-LITE PACKAGE-LOG: 24 April 2019 9 h 40 min
NOTICE: Do NOT post to public sites or forums 
********************************************************************************
VERSION:	1.3.10
WORDPRESS:	5.1.1
PHP INFO:	7.2.12 | SAPI: apache2handler
SERVER:		Apache/2.4.37 (Win32) OpenSSL/1.1.1 PHP/7.2.12 
PHP TIME LIMIT: (0) no time limit imposed 
PHP MAX MEMORY: 4294967296 (128M default) 
MEMORY STACK: 2MB 

********************************************************************************
DATABASE:
********************************************************************************
BUILD MODE:   MYSQLDUMP
MYSQLTIMEOUT: 5000
MYSQLDUMP:    Is Supported 
SQL CREATED: 20190424_strasbourg_35222224f5e0edb32944_20190424093959_database.sql 
SQL FILE SIZE: 1.89MB (1980724) 
SQL FILE TIME: 2019-04-24 09:40:10 
SQL RUNTIME: 2.96 sec. 

******************************************************************************** 
ARCHIVE (ZIP): 
******************************************************************************** 
ARCHIVE DIR:  C:/xampp/htdocs/P2v2.2 
ARCHIVE FILE: 20190424_strasbourg_35222224f5e0edb32944_20190424093959_archive.zip 
FILTERS: *OFF* 
DIRS:
	not set 
FILES:
	not set 
EXTS:  not set 
---------------------------------------- 
COMPRESSING 
SIZE:	95.63MB 
STATS:	Dirs 748 | Files 5,158 
SQL ADDED: 20190424_strasbourg_35222224f5e0edb32944_20190424093959_database.sql 
ZipArchive Object
(
    [status] => 0
    [statusSys] => 0
    [numFiles] => 5906
    [filename] => C:\xampp\htdocs\P2v2.2\wp-snapshots\tmp\20190424_strasbourg_35222224f5e0edb32944_20190424093959_archive.zip
    [comment] => 
)
 
FILE ADDED TO ZIP: 5905 
COMPRESSION RESULT: '1' 
COMPRESSED SIZE: 41.31MB 
ARCHIVE RUNTIME: 11.14 sec. 
MEMORY STACK: 4MB 
building installer 
add_extra_files1 
add_extra_files2 
add_extra_files3 
add_extra_files4 
Doing archive file check 
add_extra_files5 
add_extra_files6 
add_extra_files8 
Successfully opened zip C:/xampp/htdocs/P2v2.2/wp-snapshots/tmp/20190424_strasbourg_35222224f5e0edb32944_20190424093959_archive.zip 
Adding enhanced installer files to archive using ZipArchive 
Installer files added to archive 
Added to archive 
After ziparchive close when adding installer 

******************************************************************************** 
INTEGRITY CHECKS: 
******************************************************************************** 
SQL FILE: 1.89MB 
INSTALLER FILE: 207.32KB 
ARCHIVE FILE: 42.27MB  
EXPECTED FILE/DIRECTORY COUNT: 5,906 
ACTUAL FILE/DIRECTORY COUNT: 5,905 
ARCHIVE CONSISTENCY TEST: Pass 

********************************************************************************
RECORD ID:[1]
TOTAL PROCESS RUNTIME: 14.87 sec.
PEAK PHP MEMORY USED: 4MB
DONE PROCESSING => 20190424_strasbourg 24 April 2019 9 h 40 min
 
